0 info it worked if it ends with ok
1 verbose cli [ 'node', '/usr/local/bin/npm', 'install', '-g', 'grunt-init' ]
2 info using npm@1.4.9
3 info using node@v0.10.28
4 verbose cache add [ 'grunt-init', null ]
5 verbose cache add name=undefined spec="grunt-init" args=["grunt-init",null]
6 verbose parsed url { protocol: null,
6 verbose parsed url   slashes: null,
6 verbose parsed url   auth: null,
6 verbose parsed url   host: null,
6 verbose parsed url   port: null,
6 verbose parsed url   hostname: null,
6 verbose parsed url   hash: null,
6 verbose parsed url   search: null,
6 verbose parsed url   query: null,
6 verbose parsed url   pathname: 'grunt-init',
6 verbose parsed url   path: 'grunt-init',
6 verbose parsed url   href: 'grunt-init' }
7 silly lockFile b1006280-grunt-init grunt-init
8 verbose lock grunt-init /Users/alisowski/.npm/b1006280-grunt-init.lock
9 silly lockFile b1006280-grunt-init grunt-init
10 silly lockFile b1006280-grunt-init grunt-init
11 verbose addNamed [ 'grunt-init', '' ]
12 verbose addNamed [ null, '*' ]
13 silly lockFile 20a2bbcf-grunt-init grunt-init@
14 verbose lock grunt-init@ /Users/alisowski/.npm/20a2bbcf-grunt-init.lock
15 silly addNameRange { name: 'grunt-init', range: '*', hasData: false }
16 verbose url raw grunt-init
17 verbose url resolving [ 'https://registry.npmjs.org/', './grunt-init' ]
18 verbose url resolved https://registry.npmjs.org/grunt-init
19 info trying registry request attempt 1 at 23:22:15
20 http GET https://registry.npmjs.org/grunt-init
21 http 200 https://registry.npmjs.org/grunt-init
22 silly registry.get cb [ 200,
22 silly registry.get   { date: 'Thu, 19 Jun 2014 06:22:15 GMT',
22 silly registry.get     server: 'CouchDB/1.5.0 (Erlang OTP/R14B04)',
22 silly registry.get     etag: '"1G1KKEXCUU5XA5YZK0400KTLK"',
22 silly registry.get     'content-type': 'application/json',
22 silly registry.get     'cache-control': 'max-age=30',
22 silly registry.get     'content-length': '20782',
22 silly registry.get     'accept-ranges': 'bytes',
22 silly registry.get     via: '1.1 varnish',
22 silly registry.get     age: '0',
22 silly registry.get     'x-served-by': 'cache-sv60-SJC3',
22 silly registry.get     'x-cache': 'MISS',
22 silly registry.get     'x-cache-hits': '0',
22 silly registry.get     'x-timer': 'S1403158935.499321,VS0,VE56',
22 silly registry.get     vary: 'Accept',
22 silly registry.get     'keep-alive': 'timeout=10, max=50',
22 silly registry.get     connection: 'Keep-Alive' } ]
23 silly addNameRange number 2 { name: 'grunt-init', range: '*', hasData: true }
24 silly addNameRange versions [ 'grunt-init',
24 silly addNameRange   [ '0.1.0',
24 silly addNameRange     '0.2.0',
24 silly addNameRange     '0.2.1',
24 silly addNameRange     '0.3.0',
24 silly addNameRange     '0.2.0-rc1',
24 silly addNameRange     '0.2.0-rc2',
24 silly addNameRange     '0.2.0-rc3',
24 silly addNameRange     '0.2.0-rc4',
24 silly addNameRange     '0.2.0-rc5',
24 silly addNameRange     '0.2.0-rc6',
24 silly addNameRange     '0.2.0-rc7',
24 silly addNameRange     '0.2.0-rc8',
24 silly addNameRange     '0.3.1',
24 silly addNameRange     '0.3.2' ] ]
25 verbose addNamed [ 'grunt-init', '0.3.2' ]
26 verbose addNamed [ '0.3.2', '0.3.2' ]
27 silly lockFile f8b2076b-grunt-init-0-3-2 grunt-init@0.3.2
28 verbose lock grunt-init@0.3.2 /Users/alisowski/.npm/f8b2076b-grunt-init-0-3-2.lock
29 silly lockFile a8e1642f--grunt-init-grunt-init-0-3-2-tgz https://registry.npmjs.org/grunt-init/-/grunt-init-0.3.2.tgz
30 verbose lock https://registry.npmjs.org/grunt-init/-/grunt-init-0.3.2.tgz /Users/alisowski/.npm/a8e1642f--grunt-init-grunt-init-0-3-2-tgz.lock
31 verbose addRemoteTarball [ 'https://registry.npmjs.org/grunt-init/-/grunt-init-0.3.2.tgz',
31 verbose addRemoteTarball   '0062d318401cfc703db394aa9f8b9e7770809984' ]
32 info retry fetch attempt 1 at 23:22:16
33 verbose fetch to= /var/folders/kp/nlg0939j0xq_mycmq91q57nm_tpdw1/T/npm-3446-OaGGwZKv/1403158936139-0.7434945381246507/tmp.tgz
34 http GET https://registry.npmjs.org/grunt-init/-/grunt-init-0.3.2.tgz
35 http 200 https://registry.npmjs.org/grunt-init/-/grunt-init-0.3.2.tgz
36 verbose tar unpack /var/folders/kp/nlg0939j0xq_mycmq91q57nm_tpdw1/T/npm-3446-OaGGwZKv/1403158936139-0.7434945381246507/tmp.tgz
37 silly lockFile b3d13285-ski-npm-grunt-init-0-3-2-package tar:///Users/alisowski/.npm/grunt-init/0.3.2/package
38 verbose lock tar:///Users/alisowski/.npm/grunt-init/0.3.2/package /Users/alisowski/.npm/b3d13285-ski-npm-grunt-init-0-3-2-package.lock
39 silly lockFile 4ceff009-36139-0-7434945381246507-tmp-tgz tar:///var/folders/kp/nlg0939j0xq_mycmq91q57nm_tpdw1/T/npm-3446-OaGGwZKv/1403158936139-0.7434945381246507/tmp.tgz
40 verbose lock tar:///var/folders/kp/nlg0939j0xq_mycmq91q57nm_tpdw1/T/npm-3446-OaGGwZKv/1403158936139-0.7434945381246507/tmp.tgz /Users/alisowski/.npm/4ceff009-36139-0-7434945381246507-tmp-tgz.lock
41 silly gunzTarPerm modes [ '755', '644' ]
42 silly gunzTarPerm extractEntry package.json
43 silly gunzTarPerm extractEntry .npmignore
44 silly gunzTarPerm extractEntry README.md
45 silly gunzTarPerm extractEntry Gruntfile.js
46 silly gunzTarPerm extractEntry .jshintrc
47 silly gunzTarPerm extractEntry LICENSE-MIT
48 silly gunzTarPerm extractEntry .travis.yml
49 silly gunzTarPerm extractEntry bin/grunt-init
50 silly gunzTarPerm extractEntry dev/generate.exp
51 silly gunzTarPerm extractEntry AUTHORS
52 silly gunzTarPerm extractEntry tasks/init.js
53 silly gunzTarPerm extractEntry tasks/lib/git.js
54 silly gunzTarPerm extractEntry tasks/lib/helpers.js
55 silly gunzTarPerm extractEntry tasks/lib/prompt.js
56 silly gunzTarPerm extractEntry templates/licenses/LICENSE-Apache-2.0
57 silly gunzTarPerm extractEntry templates/licenses/LICENSE-BSD-3-Clause
58 silly gunzTarPerm extractEntry templates/licenses/LICENSE-GPL-2.0
59 silly gunzTarPerm extractEntry templates/licenses/LICENSE-GPL-3.0
60 silly gunzTarPerm extractEntry templates/licenses/LICENSE-MIT
61 silly gunzTarPerm extractEntry templates/licenses/LICENSE-MPL-2.0
62 silly gunzTarPerm extractEntry templates/misc/placeholder
63 silly gunzTarPerm extractEntry test/git_test.js
64 silly lockFile b3d13285-ski-npm-grunt-init-0-3-2-package tar:///Users/alisowski/.npm/grunt-init/0.3.2/package
65 silly lockFile b3d13285-ski-npm-grunt-init-0-3-2-package tar:///Users/alisowski/.npm/grunt-init/0.3.2/package
66 silly lockFile 4ceff009-36139-0-7434945381246507-tmp-tgz tar:///var/folders/kp/nlg0939j0xq_mycmq91q57nm_tpdw1/T/npm-3446-OaGGwZKv/1403158936139-0.7434945381246507/tmp.tgz
67 silly lockFile 4ceff009-36139-0-7434945381246507-tmp-tgz tar:///var/folders/kp/nlg0939j0xq_mycmq91q57nm_tpdw1/T/npm-3446-OaGGwZKv/1403158936139-0.7434945381246507/tmp.tgz
68 silly lockFile a8e1642f--grunt-init-grunt-init-0-3-2-tgz https://registry.npmjs.org/grunt-init/-/grunt-init-0.3.2.tgz
69 silly lockFile a8e1642f--grunt-init-grunt-init-0-3-2-tgz https://registry.npmjs.org/grunt-init/-/grunt-init-0.3.2.tgz
70 silly lockFile f8b2076b-grunt-init-0-3-2 grunt-init@0.3.2
71 silly lockFile f8b2076b-grunt-init-0-3-2 grunt-init@0.3.2
72 silly lockFile 20a2bbcf-grunt-init grunt-init@
73 silly lockFile 20a2bbcf-grunt-init grunt-init@
74 silly resolved [ { name: 'grunt-init',
74 silly resolved     description: 'Generate project scaffolding from a template.',
74 silly resolved     version: '0.3.2',
74 silly resolved     homepage: 'https://github.com/gruntjs/grunt-init',
74 silly resolved     author: { name: 'Grunt Team', url: 'http://gruntjs.com/' },
74 silly resolved     repository: { type: 'git', url: 'git://github.com/gruntjs/grunt-init.git' },
74 silly resolved     bugs: { url: 'https://github.com/gruntjs/grunt-init/issues' },
74 silly resolved     licenses: [ [Object] ],
74 silly resolved     preferGlobal: true,
74 silly resolved     bin: { 'grunt-init': 'bin/grunt-init' },
74 silly resolved     engines: { node: '>= 0.8.0' },
74 silly resolved     scripts: { test: 'grunt test' },
74 silly resolved     dependencies:
74 silly resolved      { prompt: '~0.1.12',
74 silly resolved        semver: '~1.0.14',
74 silly resolved        hooker: '~0.2.3',
74 silly resolved        colors: '~0.6.0-1',
74 silly resolved        grunt: '~0.4.0',
74 silly resolved        lodash: '~2.4.1',
74 silly resolved        async: '~0.2.10' },
74 silly resolved     devDependencies:
74 silly resolved      { 'grunt-contrib-jshint': '~0.8.0',
74 silly resolved        'grunt-contrib-nodeunit': '~0.3.0' },
74 silly resolved     keywords: [ 'grunt', 'template', 'scaffold', 'generate', 'project' ],
74 silly resolved     contributors: [ [Object] ],
74 silly resolved     readme: '# grunt-init [![Build Status](https://secure.travis-ci.org/gruntjs/grunt-init.png?branch=master)](http://travis-ci.org/gruntjs/grunt-init)\nGrunt-init is a scaffolding tool used to automate project creation.\n\n## Introduction\nCheck out our [project scaffolding guide] for a primer on how to use grunt-init.\n\n## Documentation\nThe [project scaffolding guide] has API documentation and usage examples.\n\n## Support / Contributing\nBefore you make an issue, please read our [contribution guide].\n\nYou can find the grunt team in [#grunt on irc.freenode.net](irc://irc.freenode.net/#grunt).\n\n\n[contribution guide]: http://gruntjs.com/contributing\n[project scaffolding guide]: http://gruntjs.com/project-scaffolding\n',
74 silly resolved     readmeFilename: 'README.md',
74 silly resolved     _id: 'grunt-init@0.3.2',
74 silly resolved     _shasum: '0062d318401cfc703db394aa9f8b9e7770809984',
74 silly resolved     _from: 'grunt-init@',
74 silly resolved     _resolved: 'https://registry.npmjs.org/grunt-init/-/grunt-init-0.3.2.tgz' } ]
75 info install grunt-init@0.3.2 into /usr/local/lib
76 info installOne grunt-init@0.3.2
77 info /usr/local/lib/node_modules/grunt-init unbuild
78 verbose tar unpack /Users/alisowski/.npm/grunt-init/0.3.2/package.tgz
79 silly lockFile 2d48effc-ocal-lib-node-modules-grunt-init tar:///usr/local/lib/node_modules/grunt-init
80 verbose lock tar:///usr/local/lib/node_modules/grunt-init /Users/alisowski/.npm/2d48effc-ocal-lib-node-modules-grunt-init.lock
81 silly lockFile 44ecc946-npm-grunt-init-0-3-2-package-tgz tar:///Users/alisowski/.npm/grunt-init/0.3.2/package.tgz
82 verbose lock tar:///Users/alisowski/.npm/grunt-init/0.3.2/package.tgz /Users/alisowski/.npm/44ecc946-npm-grunt-init-0-3-2-package-tgz.lock
83 silly gunzTarPerm modes [ '755', '644' ]
84 error Error: EACCES, mkdir '/usr/local/lib/node_modules/grunt-init'
84 error  { [Error: EACCES, mkdir '/usr/local/lib/node_modules/grunt-init']
84 error   errno: 3,
84 error   code: 'EACCES',
84 error   path: '/usr/local/lib/node_modules/grunt-init',
84 error   fstream_type: 'Directory',
84 error   fstream_path: '/usr/local/lib/node_modules/grunt-init',
84 error   fstream_class: 'DirWriter',
84 error   fstream_stack:
84 error    [ '/usr/local/lib/node_modules/npm/node_modules/fstream/lib/dir-writer.js:36:23',
84 error      '/usr/local/lib/node_modules/npm/node_modules/mkdirp/index.js:37:53',
84 error      'Object.oncomplete (fs.js:107:15)' ] }
85 error Please try running this command again as root/Administrator.
86 error System Darwin 13.2.0
87 error command "node" "/usr/local/bin/npm" "install" "-g" "grunt-init"
88 error cwd /Users/alisowski/Documents/hipstersmoothie
89 error node -v v0.10.28
90 error npm -v 1.4.9
91 error path /usr/local/lib/node_modules/grunt-init
92 error fstream_path /usr/local/lib/node_modules/grunt-init
93 error fstream_type Directory
94 error fstream_class DirWriter
95 error code EACCES
96 error errno 3
97 error stack Error: EACCES, mkdir '/usr/local/lib/node_modules/grunt-init'
98 error fstream_stack /usr/local/lib/node_modules/npm/node_modules/fstream/lib/dir-writer.js:36:23
98 error fstream_stack /usr/local/lib/node_modules/npm/node_modules/mkdirp/index.js:37:53
98 error fstream_stack Object.oncomplete (fs.js:107:15)
99 verbose exit [ 3, true ]
